The system is: Windows - 10.0.18363 - AMD64
Compiling the C compiler identification source file "CMakeCCompilerId.c" succeeded.
Compiler: C:/Program Files (x86)/Microsoft Visual Studio/2017/Professional/VC/Tools/MSVC/14.16.27023/bin/Hostx86/x86/cl.exe 
Build flags: 
Id flags:  

The output was:
0
Оптимизирующий компилятор Microsoft (R) C/C++ версии 19.16.27048 для x86
(C) Корпорация Майкрософт (Microsoft Corporation).  Все права защищены.

CMakeCCompilerId.c
Microsoft (R) Incremental Linker Version 14.16.27048.0
Copyright (C) Microsoft Corporation.  All rights reserved.

/out:CMakeCCompilerId.exe 
CMakeCCompilerId.obj 


Compilation of the C compiler identification source "CMakeCCompilerId.c" produced "CMakeCCompilerId.exe"

Compilation of the C compiler identification source "CMakeCCompilerId.c" produced "CMakeCCompilerId.obj"

The C compiler identification is MSVC, found in "C:/Users/Admin/Documents/AAstadying/cpp/simakov/MR2021/Simakov-Pavel/dijkstra/cmake-build-debug/CMakeFiles/3.20.2/CompilerIdC/CMakeCCompilerId.exe"

Compiling the CXX compiler identification source file "CMakeCXXCompilerId.cpp" succeeded.
Compiler: C:/Program Files (x86)/Microsoft Visual Studio/2017/Professional/VC/Tools/MSVC/14.16.27023/bin/Hostx86/x86/cl.exe 
Build flags: 
Id flags:  

The output was:
0
Оптимизирующий компилятор Microsoft (R) C/C++ версии 19.16.27048 для x86
(C) Корпорация Майкрософт (Microsoft Corporation).  Все права защищены.

CMakeCXXCompilerId.cpp
Microsoft (R) Incremental Linker Version 14.16.27048.0
Copyright (C) Microsoft Corporation.  All rights reserved.

/out:CMakeCXXCompilerId.exe 
CMakeCXXCompilerId.obj 


Compilation of the CXX compiler identification source "CMakeCXXCompilerId.cpp" produced "CMakeCXXCompilerId.exe"

Compilation of the CXX compiler identification source "CMakeCXXCompilerId.cpp" produced "CMakeCXXCompilerId.obj"

The CXX compiler identification is MSVC, found in "C:/Users/Admin/Documents/AAstadying/cpp/simakov/MR2021/Simakov-Pavel/dijkstra/cmake-build-debug/CMakeFiles/3.20.2/CompilerIdCXX/CMakeCXXCompilerId.exe"

Detecting C compiler ABI info compiled with the following output:
Change Dir: C:/Users/Admin/Documents/AAstadying/cpp/simakov/MR2021/Simakov-Pavel/dijkstra/cmake-build-debug/CMakeFiles/CMakeTmp

Run Build Command(s):nmake -f Makefile /nologo cmTC_9097f\fast && 	"C:\Program Files (x86)\Microsoft Visual Studio\2017\Professional\VC\Tools\MSVC\14.16.27023\bin\HostX86\x86\nmake.exe"  -f CMakeFiles\cmTC_9097f.dir\build.make /nologo -L                  CMakeFiles\cmTC_9097f.dir\build
Building C object CMakeFiles/cmTC_9097f.dir/CMakeCCompilerABI.c.obj
	"D:\CLion 2021.2.2\bin\cmake\win\bin\cmake.exe" -E cmake_cl_compile_depends --dep-file=CMakeFiles\cmTC_9097f.dir\CMakeCCompilerABI.c.obj.d --working-dir=C:\Users\Admin\Documents\AAstadying\cpp\simakov\MR2021\Simakov-Pavel\dijkstra\cmake-build-debug\CMakeFiles\CMakeTmp --filter-prefix="" -- C:\PROGRA~2\MICROS~4\2017\PROFES~1\VC\Tools\MSVC\1416~1.270\bin\Hostx86\x86\cl.exe @C:\Users\Admin\AppData\Local\Temp\nm255A.tmp
Linking C executable cmTC_9097f.exe
	"D:\CLion 2021.2.2\bin\cmake\win\bin\cmake.exe" -E vs_link_exe --intdir=CMakeFiles\cmTC_9097f.dir --rc=C:\PROGRA~2\WINDOW~4\10\bin\100177~1.0\x86\rc.exe --mt=C:\PROGRA~2\WINDOW~4\10\bin\100177~1.0\x86\mt.exe --manifests -- C:\PROGRA~2\MICROS~4\2017\PROFES~1\VC\Tools\MSVC\1416~1.270\bin\Hostx86\x86\link.exe /nologo @CMakeFiles\cmTC_9097f.dir\objects1.rsp @C:\Users\Admin\AppData\Local\Temp\nm25F7.tmp



Detecting CXX compiler ABI info compiled with the following output:
Change Dir: C:/Users/Admin/Documents/AAstadying/cpp/simakov/MR2021/Simakov-Pavel/dijkstra/cmake-build-debug/CMakeFiles/CMakeTmp

Run Build Command(s):nmake -f Makefile /nologo cmTC_343eb\fast && 	"C:\Program Files (x86)\Microsoft Visual Studio\2017\Professional\VC\Tools\MSVC\14.16.27023\bin\HostX86\x86\nmake.exe"  -f CMakeFiles\cmTC_343eb.dir\build.make /nologo -L                  CMakeFiles\cmTC_343eb.dir\build
Building CXX object CMakeFiles/cmTC_343eb.dir/CMakeCXXCompilerABI.cpp.obj
	"D:\CLion 2021.2.2\bin\cmake\win\bin\cmake.exe" -E cmake_cl_compile_depends --dep-file=CMakeFiles\cmTC_343eb.dir\CMakeCXXCompilerABI.cpp.obj.d --working-dir=C:\Users\Admin\Documents\AAstadying\cpp\simakov\MR2021\Simakov-Pavel\dijkstra\cmake-build-debug\CMakeFiles\CMakeTmp --filter-prefix="" -- C:\PROGRA~2\MICROS~4\2017\PROFES~1\VC\Tools\MSVC\1416~1.270\bin\Hostx86\x86\cl.exe @C:\Users\Admin\AppData\Local\Temp\nm2A5B.tmp
Linking CXX executable cmTC_343eb.exe
	"D:\CLion 2021.2.2\bin\cmake\win\bin\cmake.exe" -E vs_link_exe --intdir=CMakeFiles\cmTC_343eb.dir --rc=C:\PROGRA~2\WINDOW~4\10\bin\100177~1.0\x86\rc.exe --mt=C:\PROGRA~2\WINDOW~4\10\bin\100177~1.0\x86\mt.exe --manifests -- C:\PROGRA~2\MICROS~4\2017\PROFES~1\VC\Tools\MSVC\1416~1.270\bin\Hostx86\x86\link.exe /nologo @CMakeFiles\cmTC_343eb.dir\objects1.rsp @C:\Users\Admin\AppData\Local\Temp\nm2AF8.tmp



